<?xml version="1.0" encoding="UTF-8"?>
<!-- Generated by org.testng.reporters.JUnitXMLReporter -->
<testsuite ignored="0" hostname="SumedhKrishna" failures="0" tests="2" name="Parameterization Test" time="5.585" errors="0" timestamp="2023-09-02T20:38:07 EDT">
  <testcase classname="com.tekarck.testCases.BaseTest" name="@AfterClass closeDriver" time="0.002">
    <failure type="java.lang.NullPointerException" message="Cannot invoke &amp;quot;org.openqa.selenium.WebDriver.quit()&amp;quot; because the return value of &amp;quot;com.tekarck.testCases.BaseTest.getDriver()&amp;quot; is null">
      <![CDATA[java.lang.NullPointerException: Cannot invoke "org.openqa.selenium.WebDriver.quit()" because the return value of "com.tekarck.testCases.BaseTest.getDriver()" is null
at com.tekarck.testCases.BaseTest.closeDriver(BaseTest.java:166)
at java.base/java.util.concurrent.ThreadPoolExecutor.runWorker(ThreadPoolExecutor.java:1144)
at java.base/java.util.concurrent.ThreadPoolExecutor$Worker.run(ThreadPoolExecutor.java:642)
at java.base/java.lang.Thread.run(Thread.java:1623)
... Removed 8 stack frames]]>
    </failure>
  </testcase> <!-- @AfterClass closeDriver -->
  <testcase classname="com.tekarck.testCases.BaseTest" name="@AfterClass closeDriver" time="0.0">
    <failure type="java.lang.NullPointerException" message="Cannot invoke &amp;quot;org.openqa.selenium.WebDriver.quit()&amp;quot; because the return value of &amp;quot;com.tekarck.testCases.BaseTest.getDriver()&amp;quot; is null">
      <![CDATA[java.lang.NullPointerException: Cannot invoke "org.openqa.selenium.WebDriver.quit()" because the return value of "com.tekarck.testCases.BaseTest.getDriver()" is null
at com.tekarck.testCases.BaseTest.closeDriver(BaseTest.java:166)
at java.base/java.util.concurrent.ThreadPoolExecutor.runWorker(ThreadPoolExecutor.java:1144)
at java.base/java.util.concurrent.ThreadPoolExecutor$Worker.run(ThreadPoolExecutor.java:642)
at java.base/java.lang.Thread.run(Thread.java:1623)
... Removed 8 stack frames]]>
    </failure>
  </testcase> <!-- @AfterClass closeDriver -->
  <testcase classname="com.tekarck.testCases.TC01_LoginErrorMessage" name="launchApp" time="0.031"/>
  <testcase classname="com.tekarck.testCases.TC02_ValidLoginToSalesForce" name="launchApp" time="0.018"/>
</testsuite> <!-- Parameterization Test -->
